Analysis & Synthesis report for Top
Mon Jan 25 12:36:16 2021
Quartus Prime Version 20.1.1 Build 720 11/11/2020 SJ Lite Edition


---------------------
; Table of Contents ;
---------------------
  1. Legal Notice
  2. Analysis & Synthesis Summary
  3. Analysis & Synthesis Settings
  4. Parallel Compilation
  5. Analysis & Synthesis Source Files Read
  6. Analysis & Synthesis Resource Usage Summary
  7. Analysis & Synthesis Resource Utilization by Entity
  8. State Machine - |top|interface:int|sender_fsm:If2|now_st
  9. State Machine - |top|uat:uart|transmit_fsm:ufsm2|now_st
 10. State Machine - |top|event_logger:top_event_logger|keeper_fsm:EL2|now_st
 11. State Machine - |top|event_logger:top_event_logger|logger_fsm:EL1|now_st
 12. Registers Removed During Synthesis
 13. General Register Statistics
 14. Multiplexer Restructuring Statistics (Restructuring Performed)
 15. Source assignments for Top-level Entity: |Top
 16. Parameter Settings for User Entity Instance: debnc:db1
 17. Parameter Settings for User Entity Instance: debnc:db2
 18. Parameter Settings for User Entity Instance: debnc:db3
 19. Post-Synthesis Netlist Statistics for Top Partition
 20. Elapsed Time Per Partition
 21. Analysis & Synthesis Messages



----------------
; Legal Notice ;
----------------
Copyright (C) 2020  Intel Corporation. All rights reserved.
Your use of Intel Corporation's design tools, logic functions 
and other software and tools, and any partner logic 
functions, and any output files from any of the foregoing 
(including device programming or simulation files), and any 
associated documentation or information are expressly subject 
to the terms and conditions of the Intel Program License 
Subscription Agreement, the Intel Quartus Prime License Agreement,
the Intel FPGA IP License Agreement, or other applicable license
agreement, including, without limitation, that your use is for
the sole purpose of programming logic devices manufactured by
Intel and sold by Intel or its authorized distributors.  Please
refer to the applicable agreement for further details, at
https://fpgasoftware.intel.com/eula.



+----------------------------------------------------------------------------------+
; Analysis & Synthesis Summary                                                     ;
+------------------------------------+---------------------------------------------+
; Analysis & Synthesis Status        ; Successful - Mon Jan 25 12:36:16 2021       ;
; Quartus Prime Version              ; 20.1.1 Build 720 11/11/2020 SJ Lite Edition ;
; Revision Name                      ; Top                                         ;
; Top-level Entity Name              ; top                                         ;
; Family                             ; MAX 10                                      ;
; Total logic elements               ; 195                                         ;
;     Total combinational functions  ; 186                                         ;
;     Dedicated logic registers      ; 126                                         ;
; Total registers                    ; 126                                         ;
; Total pins                         ; 16                                          ;
; Total virtual pins                 ; 0                                           ;
; Total memory bits                  ; 0                                           ;
; Embedded Multiplier 9-bit elements ; 0                                           ;
; Total PLLs                         ; 0                                           ;
; UFM blocks                         ; 0                                           ;
; ADC blocks                         ; 0                                           ;
+------------------------------------+---------------------------------------------+


+------------------------------------------------------------------------------------------------------------+
; Analysis & Synthesis Settings                                                                              ;
+------------------------------------------------------------------+--------------------+--------------------+
; Option                                                           ; Setting            ; Default Value      ;
+------------------------------------------------------------------+--------------------+--------------------+
; Device                                                           ; 10M16SAU169C8G     ;                    ;
; Top-level entity name                                            ; Top                ; Top                ;
; Family name                                                      ; MAX 10             ; Cyclone V          ;
; Use smart compilation                                            ; Off                ; Off                ;
; Enable parallel Assembler and Timing Analyzer during compilation ; On                 ; On                 ;
; Enable compact report table                                      ; Off                ; Off                ;
; Restructure Multiplexers                                         ; Auto               ; Auto               ;
; Create Debugging Nodes for IP Cores                              ; Off                ; Off                ;
; Preserve fewer node names                                        ; On                 ; On                 ;
; Intel FPGA IP Evaluation Mode                                    ; Enable             ; Enable             ;
; Verilog Version                                                  ; Verilog_2001       ; Verilog_2001       ;
; VHDL Version                                                     ; VHDL_1993          ; VHDL_1993          ;
; State Machine Processing                                         ; Auto               ; Auto               ;
; Safe State Machine                                               ; Off                ; Off                ;
; Extract Verilog State Machines                                   ; On                 ; On                 ;
; Extract VHDL State Machines                                      ; On                 ; On                 ;
; Ignore Verilog initial constructs                                ; Off                ; Off                ;
; Iteration limit for constant Verilog loops                       ; 5000               ; 5000               ;
; Iteration limit for non-constant Verilog loops                   ; 250                ; 250                ;
; Add Pass-Through Logic to Inferred RAMs                          ; On                 ; On                 ;
; Infer RAMs from Raw Logic                                        ; On                 ; On                 ;
; Parallel Synthesis                                               ; On                 ; On                 ;
; DSP Block Balancing                                              ; Auto               ; Auto               ;
; NOT Gate Push-Back                                               ; On                 ; On                 ;
; Power-Up Don't Care                                              ; On                 ; On                 ;
; Remove Redundant Logic Cells                                     ; Off                ; Off                ;
; Remove Duplicate Registers                                       ; On                 ; On                 ;
; Ignore CARRY Buffers                                             ; Off                ; Off                ;
; Ignore CASCADE Buffers                                           ; Off                ; Off                ;
; Ignore GLOBAL Buffers                                            ; Off                ; Off                ;
; Ignore ROW GLOBAL Buffers                                        ; Off                ; Off                ;
; Ignore LCELL Buffers                                             ; Off                ; Off                ;
; Ignore SOFT Buffers                                              ; On                 ; On                 ;
; Limit AHDL Integers to 32 Bits                                   ; Off                ; Off                ;
; Optimization Technique                                           ; Balanced           ; Balanced           ;
; Carry Chain Length                                               ; 70                 ; 70                 ;
; Auto Carry Chains                                                ; On                 ; On                 ;
; Auto Open-Drain Pins                                             ; On                 ; On                 ;
; Perform WYSIWYG Primitive Resynthesis                            ; Off                ; Off                ;
; Auto ROM Replacement                                             ; On                 ; On                 ;
; Auto RAM Replacement                                             ; On                 ; On                 ;
; Auto DSP Block Replacement                                       ; On                 ; On                 ;
; Auto Shift Register Replacement                                  ; Auto               ; Auto               ;
; Allow Shift Register Merging across Hierarchies                  ; Auto               ; Auto               ;
; Auto Clock Enable Replacement                                    ; On                 ; On                 ;
; Strict RAM Replacement                                           ; Off                ; Off                ;
; Allow Synchronous Control Signals                                ; On                 ; On                 ;
; Force Use of Synchronous Clear Signals                           ; Off                ; Off                ;
; Auto RAM Block Balancing                                         ; On                 ; On                 ;
; Auto RAM to Logic Cell Conversion                                ; Off                ; Off                ;
; Auto Resource Sharing                                            ; Off                ; Off                ;
; Allow Any RAM Size For Recognition                               ; Off                ; Off                ;
; Allow Any ROM Size For Recognition                               ; Off                ; Off                ;
; Allow Any Shift Register Size For Recognition                    ; Off                ; Off                ;
; Use LogicLock Constraints during Resource Balancing              ; On                 ; On                 ;
; Ignore translate_off and synthesis_off directives                ; Off                ; Off                ;
; Timing-Driven Synthesis                                          ; On                 ; On                 ;
; Report Parameter Settings                                        ; On                 ; On                 ;
; Report Source Assignments                                        ; On                 ; On                 ;
; Report Connectivity Checks                                       ; On                 ; On                 ;
; Ignore Maximum Fan-Out Assignments                               ; Off                ; Off                ;
; Synchronization Register Chain Length                            ; 2                  ; 2                  ;
; Power Optimization During Synthesis                              ; Normal compilation ; Normal compilation ;
; HDL message level                                                ; Level2             ; Level2             ;
; Suppress Register Optimization Related Messages                  ; Off                ; Off                ;
; Number of Removed Registers Reported in Synthesis Report         ; 5000               ; 5000               ;
; Number of Swept Nodes Reported in Synthesis Report               ; 5000               ; 5000               ;
; Number of Inverted Registers Reported in Synthesis Report        ; 100                ; 100                ;
; Clock MUX Protection                                             ; On                 ; On                 ;
; Auto Gated Clock Conversion                                      ; Off                ; Off                ;
; Block Design Naming                                              ; Auto               ; Auto               ;
; SDC constraint protection                                        ; Off                ; Off                ;
; Synthesis Effort                                                 ; Auto               ; Auto               ;
; Shift Register Replacement - Allow Asynchronous Clear Signal     ; On                 ; On                 ;
; Pre-Mapping Resynthesis Optimization                             ; Off                ; Off                ;
; Analysis & Synthesis Message Level                               ; Medium             ; Medium             ;
; Disable Register Merging Across Hierarchies                      ; Auto               ; Auto               ;
; Resource Aware Inference For Block RAM                           ; On                 ; On                 ;
+------------------------------------------------------------------+--------------------+--------------------+


+------------------------------------------+
; Parallel Compilation                     ;
+----------------------------+-------------+
; Processors                 ; Number      ;
+----------------------------+-------------+
; Number detected on machine ; 8           ;
; Maximum allowed            ; 4           ;
;                            ;             ;
; Average used               ; 1.00        ;
; Maximum used               ; 4           ;
;                            ;             ;
; Usage by Processor         ; % Time Used ;
;     Processor 1            ; 100.0%      ;
;     Processors 2-4         ;   0.0%      ;
+----------------------------+-------------+


+-----------------------------------------------------------------------------------------------------------------------------------------------------+
; Analysis & Synthesis Source Files Read                                                                                                              ;
+----------------------------------+-----------------+-----------------+--------------------------------------------------------------------+---------+
; File Name with User-Entered Path ; Used in Netlist ; File Type       ; File Name with Absolute Path                                       ; Library ;
+----------------------------------+-----------------+-----------------+--------------------------------------------------------------------+---------+
; src/uart_e.vhd                   ; yes             ; User VHDL File  ; C:/Users/sebas/Documents/Digital_Desing/VHDL/src/uart_e.vhd        ;         ;
; src/uart_a.vhd                   ; yes             ; User VHDL File  ; C:/Users/sebas/Documents/Digital_Desing/VHDL/src/uart_a.vhd        ;         ;
; src/transmitfsm_e.vhd            ; yes             ; User VHDL File  ; C:/Users/sebas/Documents/Digital_Desing/VHDL/src/transmitfsm_e.vhd ;         ;
; src/transmitfsm_a.vhd            ; yes             ; User VHDL File  ; C:/Users/sebas/Documents/Digital_Desing/VHDL/src/transmitfsm_a.vhd ;         ;
; src/top_e.vhd                    ; yes             ; User VHDL File  ; C:/Users/sebas/Documents/Digital_Desing/VHDL/src/top_e.vhd         ;         ;
; src/top_a.vhd                    ; yes             ; User VHDL File  ; C:/Users/sebas/Documents/Digital_Desing/VHDL/src/top_a.vhd         ;         ;
; src/toggl_e.vhd                  ; yes             ; User VHDL File  ; C:/Users/sebas/Documents/Digital_Desing/VHDL/src/toggl_e.vhd       ;         ;
; src/toggl_a.vhd                  ; yes             ; User VHDL File  ; C:/Users/sebas/Documents/Digital_Desing/VHDL/src/toggl_a.vhd       ;         ;
; src/senderfsm_e.vhd              ; yes             ; User VHDL File  ; C:/Users/sebas/Documents/Digital_Desing/VHDL/src/senderfsm_e.vhd   ;         ;
; src/senderfsm_a.vhd              ; yes             ; User VHDL File  ; C:/Users/sebas/Documents/Digital_Desing/VHDL/src/senderfsm_a.vhd   ;         ;
; src/operatorfsm_e.vhd            ; yes             ; User VHDL File  ; C:/Users/sebas/Documents/Digital_Desing/VHDL/src/operatorfsm_e.vhd ;         ;
; src/operatorfsm_a.vhd            ; yes             ; User VHDL File  ; C:/Users/sebas/Documents/Digital_Desing/VHDL/src/operatorfsm_a.vhd ;         ;
; src/loggerfsm_e.vhd              ; yes             ; User VHDL File  ; C:/Users/sebas/Documents/Digital_Desing/VHDL/src/loggerfsm_e.vhd   ;         ;
; src/loggerfsm_a.vhd              ; yes             ; User VHDL File  ; C:/Users/sebas/Documents/Digital_Desing/VHDL/src/loggerfsm_a.vhd   ;         ;
; src/keeperfsm_e.vhd              ; yes             ; User VHDL File  ; C:/Users/sebas/Documents/Digital_Desing/VHDL/src/keeperfsm_e.vhd   ;         ;
; src/keeperfsm_a.vhd              ; yes             ; User VHDL File  ; C:/Users/sebas/Documents/Digital_Desing/VHDL/src/keeperfsm_a.vhd   ;         ;
; src/interface_e.vhd              ; yes             ; User VHDL File  ; C:/Users/sebas/Documents/Digital_Desing/VHDL/src/interface_e.vhd   ;         ;
; src/interface_a.vhd              ; yes             ; User VHDL File  ; C:/Users/sebas/Documents/Digital_Desing/VHDL/src/interface_a.vhd   ;         ;
; src/evtlog_e.vhd                 ; yes             ; User VHDL File  ; C:/Users/sebas/Documents/Digital_Desing/VHDL/src/evtlog_e.vhd      ;         ;
; src/evtlog_a.vhd                 ; yes             ; User VHDL File  ; C:/Users/sebas/Documents/Digital_Desing/VHDL/src/evtlog_a.vhd      ;         ;
; src/debuc_e.vhd                  ; yes             ; User VHDL File  ; C:/Users/sebas/Documents/Digital_Desing/VHDL/src/debuc_e.vhd       ;         ;
; src/debuc_a.vhd                  ; yes             ; User VHDL File  ; C:/Users/sebas/Documents/Digital_Desing/VHDL/src/debuc_a.vhd       ;         ;
; src/cu1_e.vhd                    ; yes             ; User VHDL File  ; C:/Users/sebas/Documents/Digital_Desing/VHDL/src/cu1_e.vhd         ;         ;
; src/cu1_a.vhd                    ; yes             ; User VHDL File  ; C:/Users/sebas/Documents/Digital_Desing/VHDL/src/cu1_a.vhd         ;         ;
; src/controlfsm_e.vhd             ; yes             ; User VHDL File  ; C:/Users/sebas/Documents/Digital_Desing/VHDL/src/controlfsm_e.vhd  ;         ;
; src/controlfsm_a.vhd             ; yes             ; User VHDL File  ; C:/Users/sebas/Documents/Digital_Desing/VHDL/src/controlfsm_a.vhd  ;         ;
; src/comp_pack.vhd                ; yes             ; User VHDL File  ; C:/Users/sebas/Documents/Digital_Desing/VHDL/src/comp_pack.vhd     ;         ;
; src/clkdv_e.vhd                  ; yes             ; User VHDL File  ; C:/Users/sebas/Documents/Digital_Desing/VHDL/src/clkdv_e.vhd       ;         ;
; src/clkdv_a.vhd                  ; yes             ; User VHDL File  ; C:/Users/sebas/Documents/Digital_Desing/VHDL/src/clkdv_a.vhd       ;         ;
+----------------------------------+-----------------+-----------------+--------------------------------------------------------------------+---------+


+----------------------------------------------------------+
; Analysis & Synthesis Resource Usage Summary              ;
+---------------------------------------------+------------+
; Resource                                    ; Usage      ;
+---------------------------------------------+------------+
; Estimated Total logic elements              ; 195        ;
;                                             ;            ;
; Total combinational functions               ; 186        ;
; Logic element usage by number of LUT inputs ;            ;
;     -- 4 input functions                    ; 68         ;
;     -- 3 input functions                    ; 20         ;
;     -- <=2 input functions                  ; 98         ;
;                                             ;            ;
; Logic elements by mode                      ;            ;
;     -- normal mode                          ; 95         ;
;     -- arithmetic mode                      ; 91         ;
;                                             ;            ;
; Total registers                             ; 126        ;
;     -- Dedicated logic registers            ; 126        ;
;     -- I/O registers                        ; 0          ;
;                                             ;            ;
; I/O pins                                    ; 16         ;
;                                             ;            ;
; Embedded Multiplier 9-bit elements          ; 0          ;
;                                             ;            ;
; Maximum fan-out node                        ; cp_i~input ;
; Maximum fan-out                             ; 126        ;
; Total fan-out                               ; 997        ;
; Average fan-out                             ; 2.90       ;
+---------------------------------------------+------------+


+------------------------------------------------------------------------------------------------------------------------------------------------------------------------------------------------------------------------------------------------------------------------------+
; Analysis & Synthesis Resource Utilization by Entity                                                                                                                                                                                                                          ;
+--------------------------------------+---------------------+---------------------------+-------------+------------+--------------+---------+-----------+------+--------------+------------+---------------------------------------------------+---------------+--------------+
; Compilation Hierarchy Node           ; Combinational ALUTs ; Dedicated Logic Registers ; Memory Bits ; UFM Blocks ; DSP Elements ; DSP 9x9 ; DSP 18x18 ; Pins ; Virtual Pins ; ADC blocks ; Full Hierarchy Name                               ; Entity Name   ; Library Name ;
+--------------------------------------+---------------------+---------------------------+-------------+------------+--------------+---------+-----------+------+--------------+------------+---------------------------------------------------+---------------+--------------+
; |top                                 ; 186 (0)             ; 126 (0)                   ; 0           ; 0          ; 0            ; 0       ; 0         ; 16   ; 0            ; 0          ; |top                                              ; top           ; work         ;
;    |clock_divider:top_clock_divider| ; 60 (60)             ; 34 (34)                   ; 0           ; 0          ; 0            ; 0       ; 0         ; 0    ; 0            ; 0          ; |top|clock_divider:top_clock_divider              ; clock_divider ; work         ;
;    |cu1:counting_unit|               ; 7 (7)               ; 6 (6)                     ; 0           ; 0          ; 0            ; 0       ; 0         ; 0    ; 0            ; 0          ; |top|cu1:counting_unit                            ; cu1           ; work         ;
;    |debnc:db1|                       ; 27 (27)             ; 20 (20)                   ; 0           ; 0          ; 0            ; 0       ; 0         ; 0    ; 0            ; 0          ; |top|debnc:db1                                    ; debnc         ; work         ;
;    |debnc:db2|                       ; 27 (27)             ; 20 (20)                   ; 0           ; 0          ; 0            ; 0       ; 0         ; 0    ; 0            ; 0          ; |top|debnc:db2                                    ; debnc         ; work         ;
;    |debnc:db3|                       ; 27 (27)             ; 20 (20)                   ; 0           ; 0          ; 0            ; 0       ; 0         ; 0    ; 0            ; 0          ; |top|debnc:db3                                    ; debnc         ; work         ;
;    |event_logger:top_event_logger|   ; 25 (0)              ; 13 (0)                    ; 0           ; 0          ; 0            ; 0       ; 0         ; 0    ; 0            ; 0          ; |top|event_logger:top_event_logger                ; event_logger  ; work         ;
;       |keeper_fsm:EL2|               ; 13 (13)             ; 6 (6)                     ; 0           ; 0          ; 0            ; 0       ; 0         ; 0    ; 0            ; 0          ; |top|event_logger:top_event_logger|keeper_fsm:EL2 ; keeper_fsm    ; work         ;
;       |logger_fsm:EL1|               ; 12 (12)             ; 7 (7)                     ; 0           ; 0          ; 0            ; 0       ; 0         ; 0    ; 0            ; 0          ; |top|event_logger:top_event_logger|logger_fsm:EL1 ; logger_fsm    ; work         ;
;    |interface:int|                   ; 5 (0)               ; 12 (0)                    ; 0           ; 0          ; 0            ; 0       ; 0         ; 0    ; 0            ; 0          ; |top|interface:int                                ; interface     ; work         ;
;       |operator_fsm:If1|             ; 2 (2)               ; 1 (1)                     ; 0           ; 0          ; 0            ; 0       ; 0         ; 0    ; 0            ; 0          ; |top|interface:int|operator_fsm:If1               ; operator_fsm  ; work         ;
;       |sender_fsm:If2|               ; 3 (3)               ; 11 (11)                   ; 0           ; 0          ; 0            ; 0       ; 0         ; 0    ; 0            ; 0          ; |top|interface:int|sender_fsm:If2                 ; sender_fsm    ; work         ;
;    |toggl:tgl|                       ; 1 (1)               ; 1 (1)                     ; 0           ; 0          ; 0            ; 0       ; 0         ; 0    ; 0            ; 0          ; |top|toggl:tgl                                    ; toggl         ; work         ;
;    |uat:uart|                        ; 7 (0)               ; 0 (0)                     ; 0           ; 0          ; 0            ; 0       ; 0         ; 0    ; 0            ; 0          ; |top|uat:uart                                     ; uat           ; work         ;
;       |transmit_fsm:ufsm2|           ; 7 (7)               ; 0 (0)                     ; 0           ; 0          ; 0            ; 0       ; 0         ; 0    ; 0            ; 0          ; |top|uat:uart|transmit_fsm:ufsm2                  ; transmit_fsm  ; work         ;
+--------------------------------------+---------------------+---------------------------+-------------+------------+--------------+---------+-----------+------+--------------+------------+---------------------------------------------------+---------------+--------------+
Note: For table entries with two numbers listed, the numbers in parentheses indicate the number of resources of the given type used by the specific entity alone. The numbers listed outside of parentheses indicate the total resources of the given type used by the specific entity and all of its sub-entities in the hierarchy.


Encoding Type:  One-Hot
+----------------------------------------------------------------------------------------------------------------------------------------------------------------------------------------------------------------+
; State Machine - |top|interface:int|sender_fsm:If2|now_st                                                                                                                                                       ;
+------------------+-----------------+----------------+----------------+----------------+----------------+----------------+----------------+----------------+----------------+------------------+----------------+
; Name             ; now_st.tstop_st ; now_st.vec8_st ; now_st.vec7_st ; now_st.vec6_st ; now_st.vec5_st ; now_st.vec4_st ; now_st.vec3_st ; now_st.vec2_st ; now_st.vec1_st ; now_st.tstart_st ; now_st.idle_st ;
+------------------+-----------------+----------------+----------------+----------------+----------------+----------------+----------------+----------------+----------------+------------------+----------------+
; now_st.idle_st   ; 0               ; 0              ; 0              ; 0              ; 0              ; 0              ; 0              ; 0              ; 0              ; 0                ; 0              ;
; now_st.tstart_st ; 0               ; 0              ; 0              ; 0              ; 0              ; 0              ; 0              ; 0              ; 0              ; 1                ; 1              ;
; now_st.vec1_st   ; 0               ; 0              ; 0              ; 0              ; 0              ; 0              ; 0              ; 0              ; 1              ; 0                ; 1              ;
; now_st.vec2_st   ; 0               ; 0              ; 0              ; 0              ; 0              ; 0              ; 0              ; 1              ; 0              ; 0                ; 1              ;
; now_st.vec3_st   ; 0               ; 0              ; 0              ; 0              ; 0              ; 0              ; 1              ; 0              ; 0              ; 0                ; 1              ;
; now_st.vec4_st   ; 0               ; 0              ; 0              ; 0              ; 0              ; 1              ; 0              ; 0              ; 0              ; 0                ; 1              ;
; now_st.vec5_st   ; 0               ; 0              ; 0              ; 0              ; 1              ; 0              ; 0              ; 0              ; 0              ; 0                ; 1              ;
; now_st.vec6_st   ; 0               ; 0              ; 0              ; 1              ; 0              ; 0              ; 0              ; 0              ; 0              ; 0                ; 1              ;
; now_st.vec7_st   ; 0               ; 0              ; 1              ; 0              ; 0              ; 0              ; 0              ; 0              ; 0              ; 0                ; 1              ;
; now_st.vec8_st   ; 0               ; 1              ; 0              ; 0              ; 0              ; 0              ; 0              ; 0              ; 0              ; 0                ; 1              ;
; now_st.tstop_st  ; 1               ; 0              ; 0              ; 0              ; 0              ; 0              ; 0              ; 0              ; 0              ; 0                ; 1              ;
+------------------+-----------------+----------------+----------------+----------------+----------------+----------------+----------------+----------------+----------------+------------------+----------------+


Encoding Type:  One-Hot
+----------------------------------------------------------------------------------------------------------------------------------------------------------------------------------------------------------------+
; State Machine - |top|uat:uart|transmit_fsm:ufsm2|now_st                                                                                                                                                        ;
+------------------+-----------------+----------------+----------------+----------------+----------------+----------------+----------------+----------------+----------------+------------------+----------------+
; Name             ; now_st.tstop_st ; now_st.vec8_st ; now_st.vec7_st ; now_st.vec6_st ; now_st.vec5_st ; now_st.vec4_st ; now_st.vec3_st ; now_st.vec2_st ; now_st.vec1_st ; now_st.tstart_st ; now_st.idle_st ;
+------------------+-----------------+----------------+----------------+----------------+----------------+----------------+----------------+----------------+----------------+------------------+----------------+
; now_st.idle_st   ; 0               ; 0              ; 0              ; 0              ; 0              ; 0              ; 0              ; 0              ; 0              ; 0                ; 0              ;
; now_st.tstart_st ; 0               ; 0              ; 0              ; 0              ; 0              ; 0              ; 0              ; 0              ; 0              ; 1                ; 1              ;
; now_st.vec1_st   ; 0               ; 0              ; 0              ; 0              ; 0              ; 0              ; 0              ; 0              ; 1              ; 0                ; 1              ;
; now_st.vec2_st   ; 0               ; 0              ; 0              ; 0              ; 0              ; 0              ; 0              ; 1              ; 0              ; 0                ; 1              ;
; now_st.vec3_st   ; 0               ; 0              ; 0              ; 0              ; 0              ; 0              ; 1              ; 0              ; 0              ; 0                ; 1              ;
; now_st.vec4_st   ; 0               ; 0              ; 0              ; 0              ; 0              ; 1              ; 0              ; 0              ; 0              ; 0                ; 1              ;
; now_st.vec5_st   ; 0               ; 0              ; 0              ; 0              ; 1              ; 0              ; 0              ; 0              ; 0              ; 0                ; 1              ;
; now_st.vec6_st   ; 0               ; 0              ; 0              ; 1              ; 0              ; 0              ; 0              ; 0              ; 0              ; 0                ; 1              ;
; now_st.vec7_st   ; 0               ; 0              ; 1              ; 0              ; 0              ; 0              ; 0              ; 0              ; 0              ; 0                ; 1              ;
; now_st.vec8_st   ; 0               ; 1              ; 0              ; 0              ; 0              ; 0              ; 0              ; 0              ; 0              ; 0                ; 1              ;
; now_st.tstop_st  ; 1               ; 0              ; 0              ; 0              ; 0              ; 0              ; 0              ; 0              ; 0              ; 0                ; 1              ;
+------------------+-----------------+----------------+----------------+----------------+----------------+----------------+----------------+----------------+----------------+------------------+----------------+


Encoding Type:  One-Hot
+-------------------------------------------------------------------------------------------------------------------------------------+
; State Machine - |top|event_logger:top_event_logger|keeper_fsm:EL2|now_st                                                            ;
+--------------------+-------------------+-------------------+----------------+-----------------+--------------------+----------------+
; Name               ; now_st.maxsend_st ; now_st.maxhold_st ; now_st.exit_st ; now_st.entry_st ; now_st.maxreach_st ; now_st.idle_st ;
+--------------------+-------------------+-------------------+----------------+-----------------+--------------------+----------------+
; now_st.idle_st     ; 0                 ; 0                 ; 0              ; 0               ; 0                  ; 0              ;
; now_st.maxreach_st ; 0                 ; 0                 ; 0              ; 0               ; 1                  ; 1              ;
; now_st.entry_st    ; 0                 ; 0                 ; 0              ; 1               ; 0                  ; 1              ;
; now_st.exit_st     ; 0                 ; 0                 ; 1              ; 0               ; 0                  ; 1              ;
; now_st.maxhold_st  ; 0                 ; 1                 ; 0              ; 0               ; 0                  ; 1              ;
; now_st.maxsend_st  ; 1                 ; 0                 ; 0              ; 0               ; 0                  ; 1              ;
+--------------------+-------------------+-------------------+----------------+-----------------+--------------------+----------------+


Encoding Type:  One-Hot
+------------------------------------------------------------------------------------------------------------------------------------------------------------+
; State Machine - |top|event_logger:top_event_logger|logger_fsm:EL1|now_st                                                                                   ;
+--------------------+----------------+--------------------+--------------------+-----------------+--------------------+--------------------+----------------+
; Name               ; now_st.exit_st ; now_st.s2passrl_st ; now_st.s3passrl_st ; now_st.entry_st ; now_st.s2passlr_st ; now_st.s1passlr_st ; now_st.idle_st ;
+--------------------+----------------+--------------------+--------------------+-----------------+--------------------+--------------------+----------------+
; now_st.idle_st     ; 0              ; 0                  ; 0                  ; 0               ; 0                  ; 0                  ; 0              ;
; now_st.s1passlr_st ; 0              ; 0                  ; 0                  ; 0               ; 0                  ; 1                  ; 1              ;
; now_st.s2passlr_st ; 0              ; 0                  ; 0                  ; 0               ; 1                  ; 0                  ; 1              ;
; now_st.entry_st    ; 0              ; 0                  ; 0                  ; 1               ; 0                  ; 0                  ; 1              ;
; now_st.s3passrl_st ; 0              ; 0                  ; 1                  ; 0               ; 0                  ; 0                  ; 1              ;
; now_st.s2passrl_st ; 0              ; 1                  ; 0                  ; 0               ; 0                  ; 0                  ; 1              ;
; now_st.exit_st     ; 1              ; 0                  ; 0                  ; 0               ; 0                  ; 0                  ; 1              ;
+--------------------+----------------+--------------------+--------------------+-----------------+--------------------+--------------------+----------------+


+----------------------------------------------------------------------------------------------------------+
; Registers Removed During Synthesis                                                                       ;
+----------------------------------------------+-----------------------------------------------------------+
; Register name                                ; Reason for Removal                                        ;
+----------------------------------------------+-----------------------------------------------------------+
; uat:uart|transmit_fsm:ufsm2|now_st.idle_st   ; Merged with interface:int|sender_fsm:If2|now_st.idle_st   ;
; uat:uart|transmit_fsm:ufsm2|now_st.tstop_st  ; Merged with interface:int|sender_fsm:If2|now_st.tstop_st  ;
; uat:uart|transmit_fsm:ufsm2|now_st.tstart_st ; Merged with interface:int|sender_fsm:If2|now_st.tstart_st ;
; uat:uart|transmit_fsm:ufsm2|now_st.vec1_st   ; Merged with interface:int|sender_fsm:If2|now_st.vec1_st   ;
; uat:uart|transmit_fsm:ufsm2|now_st.vec2_st   ; Merged with interface:int|sender_fsm:If2|now_st.vec2_st   ;
; uat:uart|transmit_fsm:ufsm2|now_st.vec3_st   ; Merged with interface:int|sender_fsm:If2|now_st.vec3_st   ;
; uat:uart|transmit_fsm:ufsm2|now_st.vec4_st   ; Merged with interface:int|sender_fsm:If2|now_st.vec4_st   ;
; uat:uart|transmit_fsm:ufsm2|now_st.vec5_st   ; Merged with interface:int|sender_fsm:If2|now_st.vec5_st   ;
; uat:uart|transmit_fsm:ufsm2|now_st.vec6_st   ; Merged with interface:int|sender_fsm:If2|now_st.vec6_st   ;
; uat:uart|transmit_fsm:ufsm2|now_st.vec7_st   ; Merged with interface:int|sender_fsm:If2|now_st.vec7_st   ;
; uat:uart|transmit_fsm:ufsm2|now_st.vec8_st   ; Merged with interface:int|sender_fsm:If2|now_st.vec8_st   ;
; uat:uart|control_fsm:ufsm1|now_st            ; Merged with interface:int|operator_fsm:If1|now_st         ;
; clock_divider:top_clock_divider|sect_s[0]    ; Merged with clock_divider:top_clock_divider|brt_s[0]      ;
; Total Number of Removed Registers = 13       ;                                                           ;
+----------------------------------------------+-----------------------------------------------------------+


+------------------------------------------------------+
; General Register Statistics                          ;
+----------------------------------------------+-------+
; Statistic                                    ; Value ;
+----------------------------------------------+-------+
; Total registers                              ; 126   ;
; Number of registers using Synchronous Clear  ; 57    ;
; Number of registers using Synchronous Load   ; 0     ;
; Number of registers using Asynchronous Clear ; 123   ;
; Number of registers using Asynchronous Load  ; 0     ;
; Number of registers using Clock Enable       ; 16    ;
; Number of registers using Preset             ; 0     ;
+----------------------------------------------+-------+


+------------------------------------------------------------------------------------------------------------------------------------------+
; Multiplexer Restructuring Statistics (Restructuring Performed)                                                                           ;
+--------------------+-----------+---------------+----------------------+------------------------+------------+----------------------------+
; Multiplexer Inputs ; Bus Width ; Baseline Area ; Area if Restructured ; Saving if Restructured ; Registered ; Example Multiplexer Output ;
+--------------------+-----------+---------------+----------------------+------------------------+------------+----------------------------+
; 3:1                ; 19 bits   ; 38 LEs        ; 19 LEs               ; 19 LEs                 ; Yes        ; |top|debnc:db3|cnt_s[2]    ;
; 3:1                ; 19 bits   ; 38 LEs        ; 19 LEs               ; 19 LEs                 ; Yes        ; |top|debnc:db1|cnt_s[18]   ;
; 3:1                ; 19 bits   ; 38 LEs        ; 19 LEs               ; 19 LEs                 ; Yes        ; |top|debnc:db2|cnt_s[15]   ;
+--------------------+-----------+---------------+----------------------+------------------------+------------+----------------------------+


+-----------------------------------------------+
; Source assignments for Top-level Entity: |Top ;
+------------+---------+------+-----------------+
; Assignment ; Value   ; From ; To              ;
+------------+---------+------+-----------------+
; LOCATION   ; Pin_H6  ; -    ; cp_i            ;
; LOCATION   ; Pin_E6  ; -    ; rb_i            ;
; LOCATION   ; Pin_G12 ; -    ; cl_i            ;
; LOCATION   ; Pin_L12 ; -    ; s1_i            ;
; LOCATION   ; Pin_J12 ; -    ; s2_i            ;
; LOCATION   ; Pin_J13 ; -    ; s3_i            ;
; LOCATION   ; Pin_K11 ; -    ; txd_o           ;
; LOCATION   ; Pin_C10 ; -    ; tled_o          ;
; LOCATION   ; Pin_A11 ; -    ; sec_o           ;
; LOCATION   ; Pin_K12 ; -    ; sdo_o           ;
; LOCATION   ; Pin_J10 ; -    ; sdv_o           ;
; LOCATION   ; Pin_H10 ; -    ; stx_o           ;
; LOCATION   ; Pin_C9  ; -    ; red_o           ;
; LOCATION   ; Pin_B10 ; -    ; grn_o           ;
; LOCATION   ; Pin_A8  ; -    ; rb_o            ;
; LOCATION   ; Pin_A9  ; -    ; sound_o         ;
+------------+---------+------+-----------------+


+--------------------------------------------------------+
; Parameter Settings for User Entity Instance: debnc:db1 ;
+----------------+-------+-------------------------------+
; Parameter Name ; Value ; Type                          ;
+----------------+-------+-------------------------------+
; debounce_width ; 19    ; Signed Integer                ;
+----------------+-------+-------------------------------+
Note: In order to hide this table in the UI and the text report file, please set the "Show Parameter Settings in Synthesis Report" option in "Analysis and Synthesis Settings -> More Settings" to "Off".


+--------------------------------------------------------+
; Parameter Settings for User Entity Instance: debnc:db2 ;
+----------------+-------+-------------------------------+
; Parameter Name ; Value ; Type                          ;
+----------------+-------+-------------------------------+
; debounce_width ; 19    ; Signed Integer                ;
+----------------+-------+-------------------------------+
Note: In order to hide this table in the UI and the text report file, please set the "Show Parameter Settings in Synthesis Report" option in "Analysis and Synthesis Settings -> More Settings" to "Off".


+--------------------------------------------------------+
; Parameter Settings for User Entity Instance: debnc:db3 ;
+----------------+-------+-------------------------------+
; Parameter Name ; Value ; Type                          ;
+----------------+-------+-------------------------------+
; debounce_width ; 19    ; Signed Integer                ;
+----------------+-------+-------------------------------+
Note: In order to hide this table in the UI and the text report file, please set the "Show Parameter Settings in Synthesis Report" option in "Analysis and Synthesis Settings -> More Settings" to "Off".


+-----------------------------------------------------+
; Post-Synthesis Netlist Statistics for Top Partition ;
+-----------------------+-----------------------------+
; Type                  ; Count                       ;
+-----------------------+-----------------------------+
; boundary_port         ; 16                          ;
; cycloneiii_ff         ; 126                         ;
;     CLR               ; 50                          ;
;     CLR SCLR          ; 57                          ;
;     ENA CLR           ; 16                          ;
;     plain             ; 3                           ;
; cycloneiii_lcell_comb ; 189                         ;
;     arith             ; 91                          ;
;         2 data inputs ; 86                          ;
;         3 data inputs ; 5                           ;
;     normal            ; 98                          ;
;         1 data inputs ; 8                           ;
;         2 data inputs ; 7                           ;
;         3 data inputs ; 15                          ;
;         4 data inputs ; 68                          ;
;                       ;                             ;
; Max LUT depth         ; 4.20                        ;
; Average LUT depth     ; 2.79                        ;
+-----------------------+-----------------------------+


+-------------------------------+
; Elapsed Time Per Partition    ;
+----------------+--------------+
; Partition Name ; Elapsed Time ;
+----------------+--------------+
; Top            ; 00:00:00     ;
+----------------+--------------+


+-------------------------------+
; Analysis & Synthesis Messages ;
+-------------------------------+
Info: *******************************************************************
Info: Running Quartus Prime Analysis & Synthesis
    Info: Version 20.1.1 Build 720 11/11/2020 SJ Lite Edition
    Info: Processing started: Mon Jan 25 12:36:07 2021
Info: Command: quartus_map --read_settings_files=on --write_settings_files=off IC_S4 -c Top
Warning (18236): Number of processors has not been specified which may cause overloading on shared machines.  Set the global assignment NUM_PARALLEL_PROCESSORS in your QSF to an appropriate value for best performance.
Info (20032): Parallel compilation is enabled and will use up to 4 processors
Info (12021): Found 1 design units, including 1 entities, in source file src/uart_e.vhd
    Info (12023): Found entity 1: uat File: C:/Users/sebas/Documents/Digital_Desing/VHDL/src/uart_e.vhd Line: 8
Info (12021): Found 1 design units, including 0 entities, in source file src/uart_a.vhd
    Info (12022): Found design unit 1: uat-ar1 File: C:/Users/sebas/Documents/Digital_Desing/VHDL/src/uart_a.vhd Line: 2
Info (12021): Found 1 design units, including 1 entities, in source file src/transmitfsm_e.vhd
    Info (12023): Found entity 1: transmit_fsm File: C:/Users/sebas/Documents/Digital_Desing/VHDL/src/transmitfsm_e.vhd Line: 9
Info (12021): Found 1 design units, including 0 entities, in source file src/transmitfsm_a.vhd
    Info (12022): Found design unit 1: transmit_fsm-ar1 File: C:/Users/sebas/Documents/Digital_Desing/VHDL/src/transmitfsm_a.vhd Line: 1
Info (12021): Found 1 design units, including 1 entities, in source file src/top_e.vhd
    Info (12023): Found entity 1: top File: C:/Users/sebas/Documents/Digital_Desing/VHDL/src/top_e.vhd Line: 17
Info (12021): Found 1 design units, including 0 entities, in source file src/top_a.vhd
    Info (12022): Found design unit 1: top-ar1 File: C:/Users/sebas/Documents/Digital_Desing/VHDL/src/top_a.vhd Line: 2
Info (12021): Found 1 design units, including 1 entities, in source file src/toggl_e.vhd
    Info (12023): Found entity 1: toggl File: C:/Users/sebas/Documents/Digital_Desing/VHDL/src/toggl_e.vhd Line: 10
Info (12021): Found 1 design units, including 0 entities, in source file src/toggl_a.vhd
    Info (12022): Found design unit 1: toggl-ar1 File: C:/Users/sebas/Documents/Digital_Desing/VHDL/src/toggl_a.vhd Line: 3
Info (12021): Found 1 design units, including 1 entities, in source file src/senderfsm_e.vhd
    Info (12023): Found entity 1: sender_fsm File: C:/Users/sebas/Documents/Digital_Desing/VHDL/src/senderfsm_e.vhd Line: 9
Info (12021): Found 1 design units, including 0 entities, in source file src/senderfsm_a.vhd
    Info (12022): Found design unit 1: sender_fsm-ar1 File: C:/Users/sebas/Documents/Digital_Desing/VHDL/src/senderfsm_a.vhd Line: 1
Info (12021): Found 1 design units, including 1 entities, in source file src/operatorfsm_e.vhd
    Info (12023): Found entity 1: operator_fsm File: C:/Users/sebas/Documents/Digital_Desing/VHDL/src/operatorfsm_e.vhd Line: 9
Info (12021): Found 1 design units, including 0 entities, in source file src/operatorfsm_a.vhd
    Info (12022): Found design unit 1: operator_fsm-ar1 File: C:/Users/sebas/Documents/Digital_Desing/VHDL/src/operatorfsm_a.vhd Line: 1
Info (12021): Found 1 design units, including 1 entities, in source file src/loggerfsm_e.vhd
    Info (12023): Found entity 1: logger_fsm File: C:/Users/sebas/Documents/Digital_Desing/VHDL/src/loggerfsm_e.vhd Line: 9
Info (12021): Found 1 design units, including 0 entities, in source file src/loggerfsm_a.vhd
    Info (12022): Found design unit 1: logger_fsm-ar1 File: C:/Users/sebas/Documents/Digital_Desing/VHDL/src/loggerfsm_a.vhd Line: 1
Info (12021): Found 1 design units, including 1 entities, in source file src/keeperfsm_e.vhd
    Info (12023): Found entity 1: keeper_fsm File: C:/Users/sebas/Documents/Digital_Desing/VHDL/src/keeperfsm_e.vhd Line: 8
Info (12021): Found 1 design units, including 0 entities, in source file src/keeperfsm_a.vhd
    Info (12022): Found design unit 1: keeper_fsm-ar1 File: C:/Users/sebas/Documents/Digital_Desing/VHDL/src/keeperfsm_a.vhd Line: 1
Info (12021): Found 1 design units, including 1 entities, in source file src/interface_e.vhd
    Info (12023): Found entity 1: interface File: C:/Users/sebas/Documents/Digital_Desing/VHDL/src/interface_e.vhd Line: 9
Info (12021): Found 1 design units, including 0 entities, in source file src/interface_a.vhd
    Info (12022): Found design unit 1: interface-ar1 File: C:/Users/sebas/Documents/Digital_Desing/VHDL/src/interface_a.vhd Line: 1
Info (12021): Found 1 design units, including 1 entities, in source file src/evtlog_e.vhd
    Info (12023): Found entity 1: event_logger File: C:/Users/sebas/Documents/Digital_Desing/VHDL/src/evtlog_e.vhd Line: 9
Info (12021): Found 1 design units, including 0 entities, in source file src/evtlog_a.vhd
    Info (12022): Found design unit 1: event_logger-ar1 File: C:/Users/sebas/Documents/Digital_Desing/VHDL/src/evtlog_a.vhd Line: 1
Info (12021): Found 1 design units, including 1 entities, in source file src/debuc_e.vhd
    Info (12023): Found entity 1: debnc File: C:/Users/sebas/Documents/Digital_Desing/VHDL/src/debuc_e.vhd Line: 10
Info (12021): Found 1 design units, including 0 entities, in source file src/debuc_a.vhd
    Info (12022): Found design unit 1: debnc-ar1 File: C:/Users/sebas/Documents/Digital_Desing/VHDL/src/debuc_a.vhd Line: 3
Info (12021): Found 1 design units, including 1 entities, in source file src/cu1_e.vhd
    Info (12023): Found entity 1: cu1 File: C:/Users/sebas/Documents/Digital_Desing/VHDL/src/cu1_e.vhd Line: 7
Info (12021): Found 1 design units, including 0 entities, in source file src/cu1_a.vhd
    Info (12022): Found design unit 1: cu1-ar1 File: C:/Users/sebas/Documents/Digital_Desing/VHDL/src/cu1_a.vhd Line: 1
Info (12021): Found 1 design units, including 1 entities, in source file src/controlfsm_e.vhd
    Info (12023): Found entity 1: control_fsm File: C:/Users/sebas/Documents/Digital_Desing/VHDL/src/controlfsm_e.vhd Line: 8
Info (12021): Found 1 design units, including 0 entities, in source file src/controlfsm_a.vhd
    Info (12022): Found design unit 1: control_fsm-ar1 File: C:/Users/sebas/Documents/Digital_Desing/VHDL/src/controlfsm_a.vhd Line: 1
Info (12021): Found 1 design units, including 0 entities, in source file src/comp_pack.vhd
    Info (12022): Found design unit 1: comp_pack File: C:/Users/sebas/Documents/Digital_Desing/VHDL/src/comp_pack.vhd Line: 16
Info (12021): Found 1 design units, including 1 entities, in source file src/clkdv_e.vhd
    Info (12023): Found entity 1: clock_divider File: C:/Users/sebas/Documents/Digital_Desing/VHDL/src/clkdv_e.vhd Line: 9
Info (12021): Found 1 design units, including 0 entities, in source file src/clkdv_a.vhd
    Info (12022): Found design unit 1: clock_divider-ar1 File: C:/Users/sebas/Documents/Digital_Desing/VHDL/src/clkdv_a.vhd Line: 2
Info (12127): Elaborating entity "Top" for the top level hierarchy
Info (12128): Elaborating entity "debnc" for hierarchy "debnc:db1" File: C:/Users/sebas/Documents/Digital_Desing/VHDL/src/top_a.vhd Line: 59
Info (12128): Elaborating entity "clock_divider" for hierarchy "clock_divider:top_clock_divider" File: C:/Users/sebas/Documents/Digital_Desing/VHDL/src/top_a.vhd Line: 67
Info (12128): Elaborating entity "cu1" for hierarchy "cu1:counting_unit" File: C:/Users/sebas/Documents/Digital_Desing/VHDL/src/top_a.vhd Line: 71
Info (12128): Elaborating entity "event_logger" for hierarchy "event_logger:top_event_logger" File: C:/Users/sebas/Documents/Digital_Desing/VHDL/src/top_a.vhd Line: 75
Info (12128): Elaborating entity "logger_fsm" for hierarchy "event_logger:top_event_logger|logger_fsm:EL1" File: C:/Users/sebas/Documents/Digital_Desing/VHDL/src/evtlog_a.vhd Line: 9
Info (12128): Elaborating entity "keeper_fsm" for hierarchy "event_logger:top_event_logger|keeper_fsm:EL2" File: C:/Users/sebas/Documents/Digital_Desing/VHDL/src/evtlog_a.vhd Line: 10
Info (12128): Elaborating entity "uat" for hierarchy "uat:uart" File: C:/Users/sebas/Documents/Digital_Desing/VHDL/src/top_a.vhd Line: 79
Info (12128): Elaborating entity "control_fsm" for hierarchy "uat:uart|control_fsm:ufsm1" File: C:/Users/sebas/Documents/Digital_Desing/VHDL/src/uart_a.vhd Line: 11
Info (12128): Elaborating entity "transmit_fsm" for hierarchy "uat:uart|transmit_fsm:ufsm2" File: C:/Users/sebas/Documents/Digital_Desing/VHDL/src/uart_a.vhd Line: 12
Info (12128): Elaborating entity "interface" for hierarchy "interface:int" File: C:/Users/sebas/Documents/Digital_Desing/VHDL/src/top_a.vhd Line: 83
Info (12128): Elaborating entity "operator_fsm" for hierarchy "interface:int|operator_fsm:If1" File: C:/Users/sebas/Documents/Digital_Desing/VHDL/src/interface_a.vhd Line: 9
Info (12128): Elaborating entity "sender_fsm" for hierarchy "interface:int|sender_fsm:If2" File: C:/Users/sebas/Documents/Digital_Desing/VHDL/src/interface_a.vhd Line: 10
Info (12128): Elaborating entity "toggl" for hierarchy "toggl:tgl" File: C:/Users/sebas/Documents/Digital_Desing/VHDL/src/top_a.vhd Line: 87
Info (286030): Timing-Driven Synthesis is running
Info (16010): Generating hard_block partition "hard_block:auto_generated_inst"
    Info (16011): Adding 0 node(s), including 0 DDIO, 0 PLL, 0 transceiver and 0 LCELL
Info (21057): Implemented 211 device resources after synthesis - the final resource count might be different
    Info (21058): Implemented 6 input pins
    Info (21059): Implemented 10 output pins
    Info (21061): Implemented 195 logic cells
Info: Quartus Prime Analysis & Synthesis was successful. 0 errors, 1 warning
    Info: Peak virtual memory: 4783 megabytes
    Info: Processing ended: Mon Jan 25 12:36:16 2021
    Info: Elapsed time: 00:00:09
    Info: Total CPU time (on all processors): 00:00:19


